MPASM 5.77                   ATIVIDADE03.ASM   9-14-2022  13:15:50         PAGE  1


LOC  OBJECT CODE     LINE SOURCE TEXT
  VALUE

                      00001 ;* * * * * * * * * * * * * * * * * * * * * * * * * * * * * * * * * *
                      00002 ;*              MODIFICAÇÕES PARA USO COM 12F675                   *
                      00003 ;*                FEITAS PELO PROF. MARDSON                        *
                      00004 ;*                    FEVEREIRO DE 2016                            *
                      00005 ;* * * * * * * * * * * * * * * * * * * * * * * * * * * * * * * * * *
                      00006 
                      00007 ;* * * * * * * * * * * * * * * * * * * * * * * * * * * * * * * * * *
                      00008 ;*                       NOME DO PROJETO                           *
                      00009 ;*                           CLIENTE                               *
                      00010 ;*         DESENVOLVIDO PELA MOSAICO ENGENHARIA E CONSULTORIA      *
                      00011 ;*   VERSÃO: 1.0                           DATA: 17/06/03          *
                      00012 ;* * * * * * * * * * * * * * * * * * * * * * * * * * * * * * * * * *
                      00013 ;*                     DESCRIÇÃO DO ARQUIVO                        *
                      00014 ;*-----------------------------------------------------------------*
                      00015 ;*   MODELO PARA O PIC 12F675                                      *
                      00016 ;*                                                                 *
                      00017 ;*                                                                 *
                      00018 ;* * * * * * * * * * * * * * * * * * * * * * * * * * * * * * * * * *
                      00019 
                      00020 ;* * * * * * * * * * * * * * * * * * * * * * * * * * * * * * * * * *
                      00021 ;*                     ARQUIVOS DE DEFINIÇÕES                      *
                      00022 ;* * * * * * * * * * * * * * * * * * * * * * * * * * * * * * * * * *
                      00023 #INCLUDE <p12f675.inc>  ;ARQUIVO PADRÃO MICROCHIP PARA 12F675
                      00001         LIST
                      00002 
                      00003 ;==========================================================================
                      00004 ; Build date : Nov 22 2017
                      00005 ;  MPASM PIC12F675 processor include
                      00006 ; 
                      00007 ;  (c) Copyright 1999-2017 Microchip Technology, All rights reserved
                      00008 ;==========================================================================
                      00009 
                      00367         LIST
                      00024 
2007   3FA4           00025         __CONFIG _BODEN_OFF & _CP_OFF & _PWRTE_ON & _WDT_OFF & _MCLRE_ON & _INTRC_OSC_NOCLKOUT
                      00026 
                      00027 ;* * * * * * * * * * * * * * * * * * * * * * * * * * * * * * * * * *
                      00028 ;*                    PAGINAÇÃO DE MEMÓRIA                         *
                      00029 ;* * * * * * * * * * * * * * * * * * * * * * * * * * * * * * * * * *
                      00030 ;DEFINIÇÃO DE COMANDOS DE USUÁRIO PARA ALTERAÇÃO DA PÁGINA DE MEMÓRIA
                      00031 #DEFINE BANK0   BCF STATUS,RP0  ;SETA BANK 0 DE MEMÓRIA
                      00032 #DEFINE BANK1   BSF STATUS,RP0  ;SETA BANK 1 DE MAMÓRIA
                      00033 
                      00034 ;* * * * * * * * * * * * * * * * * * * * * * * * * * * * * * * * * *
                      00035 ;*                         VARIÁVEIS                               *
                      00036 ;* * * * * * * * * * * * * * * * * * * * * * * * * * * * * * * * * *
                      00037 ; DEFINIÇÃO DOS NOMES E ENDEREÇOS DE TODAS AS VARIÁVEIS UTILIZADAS 
                      00038 ; PELO SISTEMA
                      00039 
                      00040         CBLOCK  0x20    ;ENDEREÇO INICIAL DA MEMÓRIA DE
                      00041                                         ;USUÁRIO
  00000020            00042                 W_TEMP          ;REGISTRADORES TEMPORÁRIOS PARA USO
  00000021            00043                 STATUS_TEMP     ;JUNTO ÀS INTERRUPÇÕES
MPASM 5.77                   ATIVIDADE03.ASM   9-14-2022  13:15:50         PAGE  2


LOC  OBJECT CODE     LINE SOURCE TEXT
  VALUE

                      00044                 ;NOVAS VARIÁVEIS
                      00045 
                      00046         ENDC                    ;FIM DO BLOCO DE MEMÓRIA
                      00047 ;* * * * * * * * * * * * * * * * * * * * * * * * * * * * * * * * * *
                      00048 ;*                        FLAGS INTERNOS                           *
                      00049 ;* * * * * * * * * * * * * * * * * * * * * * * * * * * * * * * * * *
                      00050 ; DEFINIÇÃO DE TODOS OS FLAGS UTILIZADOS PELO SISTEMA
                      00051 
                      00052 ;* * * * * * * * * * * * * * * * * * * * * * * * * * * * * * * * * *
                      00053 ;*                         CONSTANTES                              *
                      00054 ;* * * * * * * * * * * * * * * * * * * * * * * * * * * * * * * * * *
                      00055 ; DEFINIÇÃO DE TODAS AS CONSTANTES UTILIZADAS PELO SISTEMA
                      00056 
                      00057 ;* * * * * * * * * * * * * * * * * * * * * * * * * * * * * * * * * *
                      00058 ;*                           ENTRADAS                              *
                      00059 ;* * * * * * * * * * * * * * * * * * * * * * * * * * * * * * * * * *
                      00060 ; DEFINIÇÃO DE TODOS OS PINOS QUE SERÃO UTILIZADOS COMO ENTRADA
                      00061 ; RECOMENDAMOS TAMBÉM COMENTAR O SIGNIFICADO DE SEUS ESTADOS (0 E 1)
                      00062 
                      00063 ;* * * * * * * * * * * * * * * * * * * * * * * * * * * * * * * * * *
                      00064 ;*                           SAÍDAS                                *
                      00065 ;* * * * * * * * * * * * * * * * * * * * * * * * * * * * * * * * * *
                      00066 ; DEFINIÇÃO DE TODOS OS PINOS QUE SERÃO UTILIZADOS COMO SAÍDA
                      00067 ; RECOMENDAMOS TAMBÉM COMENTAR O SIGNIFICADO DE SEUS ESTADOS (0 E 1)
                      00068 
                      00069 ;* * * * * * * * * * * * * * * * * * * * * * * * * * * * * * * * * *
                      00070 ;*                       VETOR DE RESET                            *
                      00071 ;* * * * * * * * * * * * * * * * * * * * * * * * * * * * * * * * * *
                      00072 
                      00073         ORG     0x00                    ;ENDEREÇO INICIAL DE PROCESSAMENTO
0000   2???           00074         GOTO    INICIO
                      00075         
                      00076 ;* * * * * * * * * * * * * * * * * * * * * * * * * * * * * * * * * *
                      00077 ;*                    INÍCIO DA INTERRUPÇÃO                        *
                      00078 ;* * * * * * * * * * * * * * * * * * * * * * * * * * * * * * * * * *
                      00079 ; ENDEREÇO DE DESVIO DAS INTERRUPÇÕES. A PRIMEIRA TAREFA É SALVAR OS
                      00080 ; VALORES DE "W" E "STATUS" PARA RECUPERAÇÃO FUTURA
                      00081 
                      00082         ORG     0x04                    ;ENDEREÇO INICIAL DA INTERRUPÇÃO
0004   00A0           00083         MOVWF   W_TEMP          ;COPIA W PARA W_TEMP
0005   0E03           00084         SWAPF   STATUS,W
0006   00A1           00085         MOVWF   STATUS_TEMP     ;COPIA STATUS PARA STATUS_TEMP
                      00086 
                      00087 ;* * * * * * * * * * * * * * * * * * * * * * * * * * * * * * * * * *
                      00088 ;*                    ROTINA DE INTERRUPÇÃO                        *
                      00089 ;* * * * * * * * * * * * * * * * * * * * * * * * * * * * * * * * * *
                      00090 ; AQUI SERÃO ESCRITAS AS ROTINAS DE RECONHECIMENTO E TRATAMENTO DAS
                      00091 ; INTERRUPÇÕES
                      00092 
                      00093 ;* * * * * * * * * * * * * * * * * * * * * * * * * * * * * * * * * *
                      00094 ;*                 ROTINA DE SAÍDA DA INTERRUPÇÃO                  *
                      00095 ;* * * * * * * * * * * * * * * * * * * * * * * * * * * * * * * * * *
                      00096 ; OS VALORES DE "W" E "STATUS" DEVEM SER RECUPERADOS ANTES DE 
MPASM 5.77                   ATIVIDADE03.ASM   9-14-2022  13:15:50         PAGE  3


LOC  OBJECT CODE     LINE SOURCE TEXT
  VALUE

                      00097 ; RETORNAR DA INTERRUPÇÃO
                      00098 
0007                  00099 SAI_INT
0007   0E21           00100         SWAPF   STATUS_TEMP,W
0008   0083           00101         MOVWF   STATUS          ;MOVE STATUS_TEMP PARA STATUS
0009   0EA0           00102         SWAPF   W_TEMP,F
000A   0E20           00103         SWAPF   W_TEMP,W        ;MOVE W_TEMP PARA W
000B   0009           00104         RETFIE
                      00105 
                      00106 ;* * * * * * * * * * * * * * * * * * * * * * * * * * * * * * * * * *
                      00107 ;*                       ROTINAS E SUBROTINAS                      *
                      00108 ;* * * * * * * * * * * * * * * * * * * * * * * * * * * * * * * * * *
                      00109 ; CADA ROTINA OU SUBROTINA DEVE POSSUIR A DESCRIÇÃO DE FUNCIONAMENTO
                      00110 ; E UM NOME COERENTE ÀS SUAS FUNÇÕES.
                      00111 
                      00112         
                      00113 ;0.00381679389S É IGUAL A 3,82MS PARA O PERIODO DE TEMPO DE 262HZ
                      00114 ; -> 0.00190839694 TEMPO PARA O DELAY EM SEGUNDOS NESSA FREQUENCIA
000C                  00115 DELAY_0 ;262HZ, CALCULANDO QUAL O TEMPO PARA DAR ESSA FREQUENCIA, ENCONTRAMOS O VALOR DE 3,816MS
                      00116         ;CALCULAR O DIFERENCIAL DE 255 COM O QUE QUEREMOS PARA CHEGAR AO VALOR DESEJADO
000C   3089           00117         MOVLW   .137    ;O TIMER PARA 3,82MS COMEÇA EM 18 E VAI ATE 255, MAS PARA METADE DESSE TEMPO COM
                            PREENDENDO A SUBIDA E DECIDA DO SINAL PARA FORMAR O PERIODO, O VALOR VAI DE 137 PARA 255
000D   0081           00118         MOVWF   TMR0    ;COLOCA O VALOR 137 NO TIMER0 PARA COMEÇAR A CONTAR
000E   110B           00119         BCF     INTCON,T0IF ;SETA A FLAG DO TIMER0 PARA 0
000F                  00120 ESPERA
000F   1D0B           00121         BTFSS   INTCON,T0IF ;FAZ A VERIFICAÇÃO SE A FLAG DO TIMER0 ESTÁ EM 1, SE SIM SAI DO DELAY_0
0010   2???           00122         GOTO    ESPERA
0011   0008           00123         RETURN
                      00124 
                      00125         
                      00126 ;0.00227272727S É IGUAL A 2,27MS PARA O PERIODO DE TEMPO DE 440HZ
                      00127 ; -> 0.00113636363 TEMPO PARA O DELAY EM MS NESSA FREQUENCIA
0012                  00128 DELAY_1 ;440HZ, CALCULANDO QUAL O TEMPO PARA DAR ESSA FREQUENCIA, ENCONTRAMOS O VALOR DE 2,27MS DO PERIO
                            DO, ENTAO O TEMPO SERIA PARA INVERTER O VALOR DA VARIAVEL
                      00129         ;CALCULAR O DIFERENCIAL DE 255 COM O QUE QUEREMOS PARA CHEGAR AO VALOR DESEJADO
0012   30BA           00130         MOVLW   .186    ;O TIMER PARA 2,27MS COMEÇA EM 115 E VAI ATE 255, MAS PARA METADE DESSE TEMPO CO
                            MPREENDENDO A SUBIDA E DECIDA DO SINAL PARA FORMAR O PERIODO, O VALOR VAI DE 186 ATÉ 255
0013   0081           00131         MOVWF   TMR0    ;COLOCA O VALOR 137 NO TIMER0 PARA COMEÇAR A CONTAR
0014   110B           00132         BCF     INTCON,T0IF ;SETA A FLAG DO TIMER0 PARA 0
0015                  00133 ESPERA_1
0015   1D0B           00134         BTFSS   INTCON,T0IF ;FAZ A VERIFICAÇÃO SE A FLAG DO TIMER0 ESTÁ EM 1, SE SIM SAI DO DELAY_1
0016   2???           00135         GOTO    ESPERA_1
0017   0008           00136         RETURN
                      00137 
                      00138 ;* * * * * * * * * * * * * * * * * * * * * * * * * * * * * * * * * *
                      00139 ;*                     INICIO DO PROGRAMA                          *
                      00140 ;* * * * * * * * * * * * * * * * * * * * * * * * * * * * * * * * * *
                      00141         
0018                  00142 INICIO
0018   1683           00143         BANK1                           ;ALTERA PARA O BANCO 1
0019   3008           00144         MOVLW   B'00001000' ;CONFIGURA TODAS AS PORTAS DO GPIO (PINOS)
Message[302]: Register in operand not in bank 0.  Ensure that bank bits are correct.
001A   0085           00145         MOVWF   TRISIO          ;COMO SAÍDAS
MPASM 5.77                   ATIVIDADE03.ASM   9-14-2022  13:15:50         PAGE  4


LOC  OBJECT CODE     LINE SOURCE TEXT
  VALUE

Message[302]: Register in operand not in bank 0.  Ensure that bank bits are correct.
001B   019F           00146         CLRF    ANSEL           ;DEFINE PORTAS COMO Digital I/O
001C   3003           00147         MOVLW   B'00000011' ;O PRESCALER RATE ESTÁ CONFIGURADO PARA 1:16
Message[302]: Register in operand not in bank 0.  Ensure that bank bits are correct.
001D   0081           00148         MOVWF   OPTION_REG      ;DEFINE OPÇÕES DE OPERAÇÃO
001E   3000           00149         MOVLW   B'00000000'
001F   008B           00150         MOVWF   INTCON          ;DEFINE OPÇÕES DE INTERRUPÇÕES
0020   23FF           00151         CALL    0X03FF
Message[302]: Register in operand not in bank 0.  Ensure that bank bits are correct.
0021   0090           00152         MOVWF   OSCCAL
0022   1283           00153         BANK0                           ;RETORNA PARA O BANCO
0023   3007           00154         MOVLW   B'00000111'
0024   0099           00155         MOVWF   CMCON           ;DEFINE O MODO DE OPERAÇÃO DO COMPARADOR ANALÓGICO
                      00156 
                      00157 ;* * * * * * * * * * * * * * * * * * * * * * * * * * * * * * * * * *
                      00158 ;*                     INICIALIZAÇÃO DAS VARIÁVEIS                 *
                      00159 ;* * * * * * * * * * * * * * * * * * * * * * * * * * * * * * * * * *
0025   0185           00160         CLRF    GPIO
                      00161         
                      00162         ;* * * * * * * * * * * * * * * * * * * * * * * * * * * * * * * * * *
                      00163 ;*                     ROTINA PRINCIPAL                            *
                      00164 ;* * * * * * * * * * * * * * * * * * * * * * * * * * * * * * * * * *
0026                  00165 MAIN
                      00166 
0026   1985           00167         BTFSC   GPIO,GP3
0027   2???           00168         GOTO    SIGNAL_0
                      00169         
0028   1685           00170         BSF     GPIO,GP5
0029   2???           00171         CALL    DELAY_0
002A   1285           00172         BCF     GPIO,GP5
002B   2???           00173         CALL    DELAY_0
002C   2???           00174         GOTO    MAIN
                      00175         
002D                  00176 SIGNAL_0
002D   1685           00177         BSF     GPIO,GP5
002E   2???           00178         CALL    DELAY_1
002F   1285           00179         BCF     GPIO,GP5
0030   2???           00180         CALL    DELAY_1
0031   2???           00181         GOTO    MAIN
                      00182         
                      00183 ;* * * * * * * * * * * * * * * * * * * * * * * * * * * * * * * * * *
                      00184 ;*                       FIM DO PROGRAMA                           *
                      00185 ;* * * * * * * * * * * * * * * * * * * * * * * * * * * * * * * * * *
                      00186 
3FA4                  00187         END
MPASM 5.77                   ATIVIDADE03.ASM   9-14-2022  13:15:50         PAGE  5


SYMBOL TABLE
  LABEL                             VALUE 

ADCON0                            0000001F
ADCS0                             00000004
ADCS1                             00000005
ADCS2                             00000006
ADFM                              00000007
ADIE                              00000006
ADIF                              00000006
ADON                              00000000
ADRESH                            0000001E
ADRESL                            0000009E
ANS0                              00000000
ANS1                              00000001
ANS2                              00000002
ANS3                              00000003
ANSEL                             0000009F
BANK0                             BCF STATUS,RP0
BANK1                             BSF STATUS,RP0
C                                 00000000
CAL0                              00000002
CAL1                              00000003
CAL2                              00000004
CAL3                              00000005
CAL4                              00000006
CAL5                              00000007
CHS0                              00000002
CHS1                              00000003
CINV                              00000004
CIS                               00000003
CM0                               00000000
CM1                               00000001
CM2                               00000002
CMCON                             00000019
CMIE                              00000003
CMIF                              00000003
COUT                              00000006
DC                                00000001
DELAY_0                           0000000C
DELAY_1                           00000012
EEADR                             0000009B
EECON1                            0000009C
EECON2                            0000009D
EEDAT                             0000009A
EEDATA                            0000009A
EEIE                              00000007
EEIF                              00000007
ESPERA                            0000000F
ESPERA_1                          00000015
F                                 00000001
FSR                               00000004
GIE                               00000007
GO                                00000001
GO_DONE                           00000001
GO_NOT_DONE                       00000001
MPASM 5.77                   ATIVIDADE03.ASM   9-14-2022  13:15:50         PAGE  6


SYMBOL TABLE
  LABEL                             VALUE 

GP0                               00000000
GP1                               00000001
GP2                               00000002
GP3                               00000003
GP4                               00000004
GP5                               00000005
GPIE                              00000003
GPIF                              00000000
GPIO                              00000005
GPIO0                             00000000
GPIO1                             00000001
GPIO2                             00000002
GPIO3                             00000003
GPIO4                             00000004
GPIO5                             00000005
INDF                              00000000
INICIO                            00000018
INTCON                            0000000B
INTE                              00000004
INTEDG                            00000006
INTF                              00000001
IOC                               00000096
IOC0                              00000000
IOC1                              00000001
IOC2                              00000002
IOC3                              00000003
IOC4                              00000004
IOC5                              00000005
IOCB                              00000096
IOCB0                             00000000
IOCB1                             00000001
IOCB2                             00000002
IOCB3                             00000003
IOCB4                             00000004
IOCB5                             00000005
IRP                               00000007
MAIN                              00000026
NOT_BOD                           00000000
NOT_BOR                           00000000
NOT_DONE                          00000001
NOT_GPPU                          00000007
NOT_PD                            00000003
NOT_POR                           00000001
NOT_T1SYNC                        00000002
NOT_TO                            00000004
OPTION_REG                        00000081
OSCCAL                            00000090
PCL                               00000002
PCLATH                            0000000A
PCON                              0000008E
PEIE                              00000006
PIE1                              0000008C
PIR1                              0000000C
MPASM 5.77                   ATIVIDADE03.ASM   9-14-2022  13:15:50         PAGE  7


SYMBOL TABLE
  LABEL                             VALUE 

PS0                               00000000
PS1                               00000001
PS2                               00000002
PSA                               00000003
RD                                00000000
RP0                               00000005
RP1                               00000006
SAI_INT                           00000007
SIGNAL_0                          0000002D
STATUS                            00000003
STATUS_TEMP                       00000021
T0CS                              00000005
T0IE                              00000005
T0IF                              00000002
T0SE                              00000004
T1CKPS0                           00000004
T1CKPS1                           00000005
T1CON                             00000010
T1IE                              00000000
T1IF                              00000000
T1OSCEN                           00000003
TMR0                              00000001
TMR0IE                            00000005
TMR0IF                            00000002
TMR1                              0000000E
TMR1CS                            00000001
TMR1GE                            00000006
TMR1H                             0000000F
TMR1IE                            00000000
TMR1IF                            00000000
TMR1L                             0000000E
TMR1ON                            00000000
TRISIO                            00000085
TRISIO0                           00000000
TRISIO1                           00000001
TRISIO2                           00000002
TRISIO3                           00000003
TRISIO4                           00000004
TRISIO5                           00000005
VCFG                              00000006
VR0                               00000000
VR1                               00000001
VR2                               00000002
VR3                               00000003
VRCON                             00000099
VREN                              00000007
VRR                               00000005
W                                 00000000
WPU                               00000095
WPU0                              00000000
WPU1                              00000001
WPU2                              00000002
WPU4                              00000004
MPASM 5.77                   ATIVIDADE03.ASM   9-14-2022  13:15:50         PAGE  8


SYMBOL TABLE
  LABEL                             VALUE 

WPU5                              00000005
WR                                00000001
WREN                              00000002
WRERR                             00000003
W_TEMP                            00000020
Z                                 00000002
_BODEN_OFF                        00003FBF
_BODEN_ON                         00003FFF
_BOREN_OFF                        00003FBF
_BOREN_ON                         00003FFF
_CONFIG                           00002007
_CPD_OFF                          00003FFF
_CPD_ON                           00003EFF
_CP_OFF                           00003FFF
_CP_ON                            00003F7F
_DEVID1                           00002006
_EC_OSC                           00003FFB
_EXTRC_OSC_CLKOUT                 00003FFF
_EXTRC_OSC_NOCLKOUT               00003FFE
_FOSC_EC                          00003FFB
_FOSC_EXTRCCLK                    00003FFF
_FOSC_EXTRCIO                     00003FFE
_FOSC_HS                          00003FFA
_FOSC_INTRCCLK                    00003FFD
_FOSC_INTRCIO                     00003FFC
_FOSC_LP                          00003FF8
_FOSC_XT                          00003FF9
_HS_OSC                           00003FFA
_IDLOC0                           00002000
_IDLOC1                           00002001
_IDLOC2                           00002002
_IDLOC3                           00002003
_INTRC_OSC_CLKOUT                 00003FFD
_INTRC_OSC_NOCLKOUT               00003FFC
_LP_OSC                           00003FF8
_MCLRE_OFF                        00003FDF
_MCLRE_ON                         00003FFF
_PWRTE_OFF                        00003FFF
_PWRTE_ON                         00003FEF
_WDTE_OFF                         00003FF7
_WDTE_ON                          00003FFF
_WDT_OFF                          00003FF7
_WDT_ON                           00003FFF
_XT_OSC                           00003FF9
__12F675                          00000001
__DEBUG                           
__MPLAB_DEBUGGER_SIMULATOR        1

Errors   :     0
Warnings :     0 reported,     0 suppressed
Messages :     4 reported,     0 suppressed

