MPASM 5.77                         VAZIO.ASM   9-5-2022  12:20:06         PAGE  1


LOC  OBJECT CODE     LINE SOURCE TEXT
  VALUE

                      00001 ;* * * * * * * * * * * * * * * * * * * * * * * * * * * * * * * * * *
                      00002 ;*              MODIFICAÇÕES PARA USO COM 12F675                   *
                      00003 ;*                FEITAS PELO PROF. MARDSON                        *
                      00004 ;*                      MARÇO DE 2021                              *
                      00005 ;*                 BASEADO NO EXEMPLO DO LIVRO                     *
                      00006 ;*           Desbravando o PIC. David José de Souza                *
                      00007 ;*-----------------------------------------------------------------*
                      00008 ;*   MODELO PARA O PIC 12F675                                      *
                      00009 ;* * * * * * * * * * * * * * * * * * * * * * * * * * * * * * * * * *
                      00010 
                      00011 ;* * * * * * * * * * * * * * * * * * * * * * * * * * * * * * * * * *
                      00012 ;*                     ARQUIVOS DE DEFINIÇÕES                      *
                      00013 ;* * * * * * * * * * * * * * * * * * * * * * * * * * * * * * * * * *
                      00014 #INCLUDE <p12f675.inc>  ;ARQUIVO PADRÃO MICROCHIP PARA 12F675
                      00001         LIST
                      00002 
                      00003 ;==========================================================================
                      00004 ; Build date : Nov 22 2017
                      00005 ;  MPASM PIC12F675 processor include
                      00006 ; 
                      00007 ;  (c) Copyright 1999-2017 Microchip Technology, All rights reserved
                      00008 ;==========================================================================
                      00009 
                      00367         LIST
                      00015 
2007   3FA4           00016         __CONFIG _BODEN_OFF & _CP_OFF & _PWRTE_ON & _WDT_OFF & _MCLRE_ON & _INTRC_OSC_NOCLKOUT
                      00017 
                      00018 ;* * * * * * * * * * * * * * * * * * * * * * * * * * * * * * * * * *
                      00019 ;*                    PAGINAÇÃO DE MEMÓRIA                         *
                      00020 ;* * * * * * * * * * * * * * * * * * * * * * * * * * * * * * * * * *
                      00021 ;DEFINIÇÃO DE COMANDOS DE USUÁRIO PARA ALTERAÇÃO DA PÁGINA DE MEMÓRIA
                      00022 #DEFINE BANK0   BCF STATUS,RP0  ;SETA BANK 0 DE MEMÓRIA
                      00023 #DEFINE BANK1   BSF STATUS,RP0  ;SETA BANK 1 DE MAMÓRIA
                      00024 
                      00025 ;* * * * * * * * * * * * * * * * * * * * * * * * * * * * * * * * * *
                      00026 ;*                         VARIÁVEIS                               *
                      00027 ;* * * * * * * * * * * * * * * * * * * * * * * * * * * * * * * * * *
                      00028 ; DEFINIÇÃO DOS NOMES E ENDEREÇOS DE TODAS AS VARIÁVEIS UTILIZADAS 
                      00029 ; PELO SISTEMA
                      00030 
                      00031         CBLOCK  0x20    ;ENDEREÇO INICIAL DA MEMÓRIA DE
                      00032                                         ;USUÁRIO
  00000020            00033                 W_TEMP          ;REGISTRADORES TEMPORÁRIOS PARA USO
  00000021            00034                 STATUS_TEMP     ;JUNTO ÀS INTERRUPÇÕES
                      00035 
                      00036                 ;COLOQUE AQUI SUAS NOVAS VARIÁVEIS
                      00037                 ;NÃO ESQUEÇA COMENTÁRIOS ESCLARECEDORES
                      00038                 
                      00039                 ;VARIAVEIS DE ENTRADA
  00000022            00040                 X1 ;0x22 LOCAL DA MEMORIA ONDE A VARIAVEL ESTA LOCARIZADA
  00000023            00041                 Y1 ;0x23 LOCAL DA MEMORIA ONDE A VARIAVEL ESTA LOCARIZADA
  00000024            00042                 Z1 ;0x24 LOCAL DA MEMORIA ONDE A VARIAVEL ESTA LOCARIZADA
                      00043 
MPASM 5.77                         VAZIO.ASM   9-5-2022  12:20:06         PAGE  2


LOC  OBJECT CODE     LINE SOURCE TEXT
  VALUE

                      00044         ENDC                    ;FIM DO BLOCO DE DEFINIÇÃO DE VARIÁVEIS
                      00045 
                      00046 ;* * * * * * * * * * * * * * * * * * * * * * * * * * * * * * * * * *
                      00047 ;*                        FLAGS INTERNOS                           *
                      00048 ;* * * * * * * * * * * * * * * * * * * * * * * * * * * * * * * * * *
                      00049 ; DEFINIÇÃO DE TODOS OS FLAGS UTILIZADOS PELO SISTEMA
                      00050 
                      00051 ;* * * * * * * * * * * * * * * * * * * * * * * * * * * * * * * * * *
                      00052 ;*                         CONSTANTES                              *
                      00053 ;* * * * * * * * * * * * * * * * * * * * * * * * * * * * * * * * * *
                      00054 ; DEFINIÇÃO DE TODAS AS CONSTANTES UTILIZADAS PELO SISTEMA
                      00055 
                      00056 ;* * * * * * * * * * * * * * * * * * * * * * * * * * * * * * * * * *
                      00057 ;*                           ENTRADAS                              *
                      00058 ;* * * * * * * * * * * * * * * * * * * * * * * * * * * * * * * * * *
                      00059 ; DEFINIÇÃO DE TODOS OS PINOS QUE SERÃO UTILIZADOS COMO ENTRADA
                      00060 ; RECOMENDAMOS TAMBÉM COMENTAR O SIGNIFICADO DE SEUS ESTADOS (0 E 1)
                      00061 
                      00062 ;* * * * * * * * * * * * * * * * * * * * * * * * * * * * * * * * * *
                      00063 ;*                           SAÍDAS                                *
                      00064 ;* * * * * * * * * * * * * * * * * * * * * * * * * * * * * * * * * *
                      00065 ; DEFINIÇÃO DE TODOS OS PINOS QUE SERÃO UTILIZADOS COMO SAÍDA
                      00066 ; RECOMENDAMOS TAMBÉM COMENTAR O SIGNIFICADO DE SEUS ESTADOS (0 E 1)
                      00067 
                      00068 ;* * * * * * * * * * * * * * * * * * * * * * * * * * * * * * * * * *
                      00069 ;*                       VETOR DE RESET                            *
                      00070 ;* * * * * * * * * * * * * * * * * * * * * * * * * * * * * * * * * *
                      00071 
                      00072         ORG     0x00                    ;ENDEREÇO INICIAL DE PROCESSAMENTO
0000   2???           00073         GOTO    INICIO
                      00074         
                      00075 ;* * * * * * * * * * * * * * * * * * * * * * * * * * * * * * * * * *
                      00076 ;*                    INÍCIO DA INTERRUPÇÃO                        *
                      00077 ;* * * * * * * * * * * * * * * * * * * * * * * * * * * * * * * * * *
                      00078 ; ENDEREÇO DE DESVIO DAS INTERRUPÇÕES. A PRIMEIRA TAREFA É SALVAR OS
                      00079 ; VALORES DE "W" E "STATUS" PARA RECUPERAÇÃO FUTURA
                      00080 
                      00081         ORG     0x04                    ;ENDEREÇO INICIAL DA INTERRUPÇÃO
0004   00A0           00082         MOVWF   W_TEMP          ;COPIA W PARA W_TEMP
0005   0E03           00083         SWAPF   STATUS,W
0006   00A1           00084         MOVWF   STATUS_TEMP     ;COPIA STATUS PARA STATUS_TEMP
                      00085 
                      00086 ;* * * * * * * * * * * * * * * * * * * * * * * * * * * * * * * * * *
                      00087 ;*                    ROTINA DE INTERRUPÇÃO                        *
                      00088 ;* * * * * * * * * * * * * * * * * * * * * * * * * * * * * * * * * *
                      00089 ; AQUI SERÃO ESCRITAS AS ROTINAS DE RECONHECIMENTO E TRATAMENTO DAS
                      00090 ; INTERRUPÇÕES
                      00091 
                      00092 ;* * * * * * * * * * * * * * * * * * * * * * * * * * * * * * * * * *
                      00093 ;*                 ROTINA DE SAÍDA DA INTERRUPÇÃO                  *
                      00094 ;* * * * * * * * * * * * * * * * * * * * * * * * * * * * * * * * * *
                      00095 ; OS VALORES DE "W" E "STATUS" DEVEM SER RECUPERADOS ANTES DE 
                      00096 ; RETORNAR DA INTERRUPÇÃO
MPASM 5.77                         VAZIO.ASM   9-5-2022  12:20:06         PAGE  3


LOC  OBJECT CODE     LINE SOURCE TEXT
  VALUE

                      00097 
0007                  00098 SAI_INT
0007   0E21           00099         SWAPF   STATUS_TEMP,W
0008   0083           00100         MOVWF   STATUS          ;MOVE STATUS_TEMP PARA STATUS
0009   0EA0           00101         SWAPF   W_TEMP,F
000A   0E20           00102         SWAPF   W_TEMP,W        ;MOVE W_TEMP PARA W
000B   0009           00103         RETFIE
                      00104 
                      00105 ;* * * * * * * * * * * * * * * * * * * * * * * * * * * * * * * * * *
                      00106 ;*                       ROTINAS E SUBROTINAS                      *
                      00107 ;* * * * * * * * * * * * * * * * * * * * * * * * * * * * * * * * * *
                      00108 ; CADA ROTINA OU SUBROTINA DEVE POSSUIR A DESCRIÇÃO DE FUNCIONAMENTO
                      00109 ; E UM NOME COERENTE ÀS SUAS FUNÇÕES.
                      00110 
000C                  00111 SUBROTINA1
                      00112 
                      00113         ;CORPO DA ROTINA
                      00114 
000C   0008           00115         RETURN
                      00116 
                      00117 ;* * * * * * * * * * * * * * * * * * * * * * * * * * * * * * * * * *
                      00118 ;*                     INICIO DO PROGRAMA                          *
                      00119 ;* * * * * * * * * * * * * * * * * * * * * * * * * * * * * * * * * *
                      00120         
000D                  00121 INICIO
000D   1683           00122         BANK1                           ;ALTERA PARA O BANCO 1
000E   3000           00123         MOVLW   B'00000000' ;CONFIGURA TODAS AS PORTAS DO GPIO (PINOS)
Message[302]: Register in operand not in bank 0.  Ensure that bank bits are correct.
000F   0085           00124         MOVWF   TRISIO          ;COMO SAÍDAS
Message[302]: Register in operand not in bank 0.  Ensure that bank bits are correct.
0010   019F           00125         CLRF    ANSEL           ;DEFINE PORTAS COMO Digital I/O
0011   3004           00126         MOVLW   B'00000100'
Message[302]: Register in operand not in bank 0.  Ensure that bank bits are correct.
0012   0081           00127         MOVWF   OPTION_REG      ;DEFINE OPÇÕES DE OPERAÇÃO
0013   3000           00128         MOVLW   B'00000000'
0014   008B           00129         MOVWF   INTCON          ;DEFINE OPÇÕES DE INTERRUPÇÕES
0015   1283           00130         BANK0                           ;RETORNA PARA O BANCO
0016   3007           00131         MOVLW   B'00000111'
0017   0099           00132         MOVWF   CMCON           ;DEFINE O MODO DE OPERAÇÃO DO COMPARADOR ANALÓGICO
                      00133 
                      00134 ;* * * * * * * * * * * * * * * * * * * * * * * * * * * * * * * * * *
                      00135 ;*                     INICIALIZAÇÃO DAS VARIÁVEIS                 *
                      00136 ;* * * * * * * * * * * * * * * * * * * * * * * * * * * * * * * * * *
                      00137         ;SETANDO VALORES PARA AS VARIAVEIS DE ENTRADA
                      00138         ;IREMOS INICIALIZAR ESSAS VARIAVEIS E ATRIBUIR OS VALORES A SEREM USADOS NO PROGRAMA
                      00139         ;POIS NÃO TEMOS UMA FORMA DE LER ENTRADA ATUALMENTE
0018   3000           00140         MOVLW .0 ;SETA O VALOR DECIMAL PARA WORK
0019   00A2           00141         MOVWF X1 ;SETA O VALOR DE WORK PARA X1
                      00142         
001A   3000           00143         MOVLW .0 ;SETA O VALOR DECIMAL PARA WORK
001B   00A3           00144         MOVWF Y1 ;SETA O VALOR DE WORK PARA Y1
                      00145         
001C   3000           00146         MOVLW .0 ;SETA O VALOR DECIMAL PARA WORK
MPASM 5.77                         VAZIO.ASM   9-5-2022  12:20:06         PAGE  4


LOC  OBJECT CODE     LINE SOURCE TEXT
  VALUE

001D   00A4           00147         MOVWF Z1 ;SETA O VALOR DE WORK PARA Z1
                      00148 ;* * * * * * * * * * * * * * * * * * * * * * * * * * * * * * * * * *
                      00149 ;*                     ROTINA PRINCIPAL                            *
                      00150 ;* * * * * * * * * * * * * * * * * * * * * * * * * * * * * * * * * *
001E                  00151 MAIN
                      00152 
                      00153         ;CORPO DA ROTINA PRINCIPAL
                      00154         
                      00155 ;---------------------- FAZ O TESTE SE ESSES TRES LADOS FORMAM UM TRIANGULO ---------------------------
                      00156         
                      00157         ;------- ESSA PARTE VERIFICA SE O TAMANHO DOS LADOS SÃO COMPATÍVEIS ENTRE SI -------------
                      00158         ;O PRIMEIRO BLOCO DE OPERACAO VERIFICA SE X1+Y1 E MAIOR QUE Z1
001E   0822           00159         MOVFW X1 ;MOVE X1 PARA WORK
001F   0723           00160         ADDWF Y1,W ;REALIZA A SOMA DE Y1 COM X1, SALVANDO O RESULTADO EM W
0020   0224           00161         SUBWF Z1,W ;SUBTRAI Z1 DA SOMA DE Y1 COM X1, SALVA O RESULTANTE EM W
0021   1803           00162         BTFSC STATUS,C ;PULA SE A SUBTRAÇÃO ACIMA DER MENOR QUE 0
0022   2???           00163         GOTO NAO_EXISTE_TRIANGULO
                      00164         
                      00165         ;O SEGUNDO BLOCO DE OPERACAO VERIFICA SE X1+Z1 E MAIOR QUE Y1
0023   0822           00166         MOVFW X1 ;MOVE X1 PARA WORK
0024   0724           00167         ADDWF Z1,W ;REALIZA A SOMA DE Z1 COM X1, SALVANDO O RESULTADO EM W
0025   0223           00168         SUBWF Y1,W ;SUBTRAI Y1 DA SOMA DE Z1 COM X1, SALVA O RESULTANTE EM W
0026   1803           00169         BTFSC STATUS,C ;PULA SE A SUBTRAÇÃO ACIMA DER MENOR QUE 0
0027   2???           00170         GOTO NAO_EXISTE_TRIANGULO
                      00171         
                      00172         ;O TERCEIRO BLOCO DE OPERACAO VERIFICA SE Y1+Z1 E MAIOR QUE X1
0028   0823           00173         MOVFW Y1 ;MOVE Y1 PARA WORK
0029   0724           00174         ADDWF Z1,W ;REALIZA A SOMA DE Z1 COM Y1, SALVANDO O RESULTADO EM W
002A   0222           00175         SUBWF X1,W ;SUBTRAI X1 DA SOMA DE Z1 COM Y1, SALVA O RESULTANTE EM W
002B   1803           00176         BTFSC STATUS,C ;PULA SE A SUBTRAÇÃO ACIMA DER MENOR QUE 0
002C   2???           00177         GOTO NAO_EXISTE_TRIANGULO
                      00178         
                      00179 ;------ AGORA O SISTEMA IRA VERIFICAR QUAL TIPO DE TRIANGULO É, JÁ QUE FOI CONCLUIDO QUE E REALMENTE UM 
                            TRIANGULO ----------------------
                      00180         ;IRA VERIFICAR SE X1 E Y1 SAO IGUAIS
002D   0822           00181         MOVFW X1 ;MOVE X1 PARA WORK
002E   0223           00182         SUBWF Y1,W ;REALIZA A SUBTRACAO DE Y1 POR X1, SALVA O RESULTANTE EM W
002F   1D03           00183         BTFSS STATUS,Z ;VERIFICA SE A SUBTRACAO OCORRIDA NA LINHA ACIMA DEU IGUAL A ZERO - PULA SE IGUAL
                             A ZERO
0030   2???           00184         GOTO X1_DIF_Y1
                      00185         
                      00186         ;IRÁ VERIFICAR SE O TRIANGULO É EQUILATERO VENDO SE X1 = Z1, JA QUE X1 = Y1
0031   0822           00187         MOVFW X1 ;MOVE X1 PARA WORK
0032   0224           00188         SUBWF Z1,W ;REALIZA A SUBTRACAO DE Z1 POR X1, SALVA O RESULTANTE EM W
0033   1D03           00189         BTFSS STATUS,Z ;VERIFICA SE A SUBTRACAO OCORRIDA NA LINHA ACIMA DEU IGUAL A ZERO - PULA SE IGUAL
                             A ZERO
0034   2???           00190         GOTO ISOCELES
0035   2???           00191         GOTO EQUILATERO
                      00192         
0036                  00193 X1_DIF_Y1 ;ESSE TRECHO VERIFICA SE O TRIANGULO É ISOCELES OU ESCALENO JÁ QUE ELE NÃO PODE SER EQUILATERO
                            , X1 DIFERENTE DE Y1
                      00194         ;IRÁ VERIFICAR SE O TRIANGULO É ISOCELES VENDO SE X1 = Z1
0036   0822           00195         MOVFW X1 ;MOVE Y1 PARA WORK
MPASM 5.77                         VAZIO.ASM   9-5-2022  12:20:06         PAGE  5


LOC  OBJECT CODE     LINE SOURCE TEXT
  VALUE

0037   0224           00196         SUBWF Z1,W ;REALIZA A SUBTRACAO DE Z1 POR Y1, SALVA O RESULTANTE EM W
0038   1903           00197         BTFSC STATUS,Z ;VERIFICA SE A SUBTRACAO OCORRIDA NA LINHA ACIMA DEU IGUAL A ZERO - PULA SE DIFER
                            ENTE DE ZERO
0039   2???           00198         GOTO ISOCELES
                      00199         
                      00200         ;IRÁ VERIFICAR SE O TRIANGULO É ISOCELES OU ESCALENO VENDO SE Y1 = Z1
003A   0823           00201         MOVFW Y1 ;MOVE Y1 PARA WORK
003B   0224           00202         SUBWF Z1,W ;REALIZA A SUBTRACAO DE Z1 POR Y1, SALVA O RESULTANTE EM W
003C   1D03           00203         BTFSS STATUS,Z ;VERIFICA SE A SUBTRACAO OCORRIDA NA LINHA ACIMA DEU IGUAL A ZERO - PULA SE IGUAL
                             A ZERO
003D   2???           00204         GOTO ESCALENO
003E   2???           00205         GOTO ISOCELES
                      00206 
                      00207 ;---------- ESSE TRECHO IRÁ SETAR NO REGISTRADOR W O VALOR CORRESPONDENTE AO TIPO DE TRIANGULO ---------
                            -
003F                  00208 ESCALENO ;SETA O VALOR DE W PARA 1 - ESCALENO
003F   3001           00209         MOVLW .1
0040   2???           00210         GOTO FINAL
                      00211 
0041                  00212 ISOCELES ;SETA O VALOR DE W PARA 2 - ESCALENO
0041   3002           00213         MOVLW .2
0042   2???           00214         GOTO FINAL
                      00215         
0043                  00216 EQUILATERO ;SETA O VALOR DE W PARA 3 - EQUILATERO
0043   3003           00217         MOVLW .3
0044   2???           00218         GOTO FINAL
                      00219         
0045                  00220 NAO_EXISTE_TRIANGULO
                      00221         ;SETA RESPOSTA COMO 4 INFORMANDO QUE NAO EXISTE TRIANGULO
0045   3004           00222         MOVLW .4
0046   2???           00223         GOTO FINAL
                      00224         
0047                  00225 FINAL
                      00226         ;SAIDAS DE W
                      00227         ;1 - ESCALENO - TODOS OS LADOS SÃO DIFERENTES
                      00228         ;2 - ISOCELES - DOIS LADOS SÃO IGUAIS
                      00229         ;3 - EQUILÁTERO - TODOS OS LADOS SÃO IGUAIS
                      00230         ;4 - OS LADOS NÃO FORMAM UM TRIANGULO
0047   2???           00231         GOTO FINAL
                      00232 
                      00233 ;* * * * * * * * * * * * * * * * * * * * * * * * * * * * * * * * * *
                      00234 ;*                       FIM DO PROGRAMA                           *
                      00235 ;* * * * * * * * * * * * * * * * * * * * * * * * * * * * * * * * * *
                      00236 
3FA4                  00237         END
MPASM 5.77                         VAZIO.ASM   9-5-2022  12:20:06         PAGE  6


SYMBOL TABLE
  LABEL                             VALUE 

ADCON0                            0000001F
ADCS0                             00000004
ADCS1                             00000005
ADCS2                             00000006
ADFM                              00000007
ADIE                              00000006
ADIF                              00000006
ADON                              00000000
ADRESH                            0000001E
ADRESL                            0000009E
ANS0                              00000000
ANS1                              00000001
ANS2                              00000002
ANS3                              00000003
ANSEL                             0000009F
BANK0                             BCF STATUS,RP0
BANK1                             BSF STATUS,RP0
C                                 00000000
CAL0                              00000002
CAL1                              00000003
CAL2                              00000004
CAL3                              00000005
CAL4                              00000006
CAL5                              00000007
CHS0                              00000002
CHS1                              00000003
CINV                              00000004
CIS                               00000003
CM0                               00000000
CM1                               00000001
CM2                               00000002
CMCON                             00000019
CMIE                              00000003
CMIF                              00000003
COUT                              00000006
DC                                00000001
EEADR                             0000009B
EECON1                            0000009C
EECON2                            0000009D
EEDAT                             0000009A
EEDATA                            0000009A
EEIE                              00000007
EEIF                              00000007
EQUILATERO                        00000043
ESCALENO                          0000003F
F                                 00000001
FINAL                             00000047
FSR                               00000004
GIE                               00000007
GO                                00000001
GO_DONE                           00000001
GO_NOT_DONE                       00000001
GP0                               00000000
MPASM 5.77                         VAZIO.ASM   9-5-2022  12:20:06         PAGE  7


SYMBOL TABLE
  LABEL                             VALUE 

GP1                               00000001
GP2                               00000002
GP3                               00000003
GP4                               00000004
GP5                               00000005
GPIE                              00000003
GPIF                              00000000
GPIO                              00000005
GPIO0                             00000000
GPIO1                             00000001
GPIO2                             00000002
GPIO3                             00000003
GPIO4                             00000004
GPIO5                             00000005
INDF                              00000000
INICIO                            0000000D
INTCON                            0000000B
INTE                              00000004
INTEDG                            00000006
INTF                              00000001
IOC                               00000096
IOC0                              00000000
IOC1                              00000001
IOC2                              00000002
IOC3                              00000003
IOC4                              00000004
IOC5                              00000005
IOCB                              00000096
IOCB0                             00000000
IOCB1                             00000001
IOCB2                             00000002
IOCB3                             00000003
IOCB4                             00000004
IOCB5                             00000005
IRP                               00000007
ISOCELES                          00000041
MAIN                              0000001E
NAO_EXISTE_TRIANGULO              00000045
NOT_BOD                           00000000
NOT_BOR                           00000000
NOT_DONE                          00000001
NOT_GPPU                          00000007
NOT_PD                            00000003
NOT_POR                           00000001
NOT_T1SYNC                        00000002
NOT_TO                            00000004
OPTION_REG                        00000081
OSCCAL                            00000090
PCL                               00000002
PCLATH                            0000000A
PCON                              0000008E
PEIE                              00000006
PIE1                              0000008C
MPASM 5.77                         VAZIO.ASM   9-5-2022  12:20:06         PAGE  8


SYMBOL TABLE
  LABEL                             VALUE 

PIR1                              0000000C
PS0                               00000000
PS1                               00000001
PS2                               00000002
PSA                               00000003
RD                                00000000
RP0                               00000005
RP1                               00000006
SAI_INT                           00000007
STATUS                            00000003
STATUS_TEMP                       00000021
SUBROTINA1                        0000000C
T0CS                              00000005
T0IE                              00000005
T0IF                              00000002
T0SE                              00000004
T1CKPS0                           00000004
T1CKPS1                           00000005
T1CON                             00000010
T1IE                              00000000
T1IF                              00000000
T1OSCEN                           00000003
TMR0                              00000001
TMR0IE                            00000005
TMR0IF                            00000002
TMR1                              0000000E
TMR1CS                            00000001
TMR1GE                            00000006
TMR1H                             0000000F
TMR1IE                            00000000
TMR1IF                            00000000
TMR1L                             0000000E
TMR1ON                            00000000
TRISIO                            00000085
TRISIO0                           00000000
TRISIO1                           00000001
TRISIO2                           00000002
TRISIO3                           00000003
TRISIO4                           00000004
TRISIO5                           00000005
VCFG                              00000006
VR0                               00000000
VR1                               00000001
VR2                               00000002
VR3                               00000003
VRCON                             00000099
VREN                              00000007
VRR                               00000005
W                                 00000000
WPU                               00000095
WPU0                              00000000
WPU1                              00000001
WPU2                              00000002
MPASM 5.77                         VAZIO.ASM   9-5-2022  12:20:06         PAGE  9


SYMBOL TABLE
  LABEL                             VALUE 

WPU4                              00000004
WPU5                              00000005
WR                                00000001
WREN                              00000002
WRERR                             00000003
W_TEMP                            00000020
X1                                00000022
X1_DIF_Y1                         00000036
Y1                                00000023
Z                                 00000002
Z1                                00000024
_BODEN_OFF                        00003FBF
_BODEN_ON                         00003FFF
_BOREN_OFF                        00003FBF
_BOREN_ON                         00003FFF
_CONFIG                           00002007
_CPD_OFF                          00003FFF
_CPD_ON                           00003EFF
_CP_OFF                           00003FFF
_CP_ON                            00003F7F
_DEVID1                           00002006
_EC_OSC                           00003FFB
_EXTRC_OSC_CLKOUT                 00003FFF
_EXTRC_OSC_NOCLKOUT               00003FFE
_FOSC_EC                          00003FFB
_FOSC_EXTRCCLK                    00003FFF
_FOSC_EXTRCIO                     00003FFE
_FOSC_HS                          00003FFA
_FOSC_INTRCCLK                    00003FFD
_FOSC_INTRCIO                     00003FFC
_FOSC_LP                          00003FF8
_FOSC_XT                          00003FF9
_HS_OSC                           00003FFA
_IDLOC0                           00002000
_IDLOC1                           00002001
_IDLOC2                           00002002
_IDLOC3                           00002003
_INTRC_OSC_CLKOUT                 00003FFD
_INTRC_OSC_NOCLKOUT               00003FFC
_LP_OSC                           00003FF8
_MCLRE_OFF                        00003FDF
_MCLRE_ON                         00003FFF
_PWRTE_OFF                        00003FFF
_PWRTE_ON                         00003FEF
_WDTE_OFF                         00003FF7
_WDTE_ON                          00003FFF
_WDT_OFF                          00003FF7
_WDT_ON                           00003FFF
_XT_OSC                           00003FF9
__12F675                          00000001
__DEBUG                           
__MPLAB_DEBUGGER_SIMULATOR        1

MPASM 5.77                         VAZIO.ASM   9-5-2022  12:20:06         PAGE 10





Errors   :     0
Warnings :     0 reported,     0 suppressed
Messages :     3 reported,     0 suppressed

